--- Copying files at Mon Oct  2 20:13:26 UTC 2017
INSTALLED init.groovy.d/security.groovy
INSTALLED init.groovy.d/tcp-slave-agent-port.groovy
INSTALLED plugins/git-client.jpi : 2.5.0
INSTALLED plugins/workflow-job.jpi : 2.12.2
INSTALLED plugins/branch-api.jpi : 2.0.11
INSTALLED plugins/authentication-tokens.jpi : 1.3
INSTALLED plugins/subversion.jpi : 2.9
INSTALLED plugins/nexus-artifact-uploader.jpi : 2.10
INSTALLED plugins/workflow-multibranch.jpi : 2.16
INSTALLED plugins/pam-auth.jpi : 1.3
INSTALLED plugins/cloudbees-folder.jpi : 6.1.2
INSTALLED plugins/ant.jpi : 1.7
INSTALLED plugins/pipeline-model-extensions.jpi : 1.2
INSTALLED plugins/pipeline-stage-tags-metadata.jpi : 1.2
INSTALLED plugins/pipeline-input-step.jpi : 2.8
INSTALLED plugins/ws-cleanup.jpi : 0.34
INSTALLED plugins/pipeline-github-lib.jpi : 1.0
INSTALLED plugins/scm-api.jpi : 2.2.2
INSTALLED plugins/ssh-credentials.jpi : 1.13
INSTALLED plugins/github-api.jpi : 1.89
INSTALLED plugins/build-timeout.jpi : 1.18
INSTALLED plugins/external-monitor-job.jpi : 1.7
INSTALLED plugins/matrix-project.jpi : 1.11
INSTALLED plugins/matrix-auth.jpi : 1.7
INSTALLED plugins/workflow-step-api.jpi : 2.13
INSTALLED plugins/credentials-binding.jpi : 1.13
INSTALLED plugins/pipeline-model-api.jpi : 1.2
INSTALLED plugins/workflow-basic-steps.jpi : 2.6
INSTALLED plugins/groovy.jpi : 2.0
INSTALLED plugins/display-url-api.jpi : 2.0
INSTALLED plugins/bouncycastle-api.jpi : 2.16.2
INSTALLED plugins/pipeline-graph-analysis.jpi : 1.5
INSTALLED plugins/pipeline-model-declarative-agent.jpi : 1.1.1
INSTALLED plugins/gradle.jpi : 1.27.1
INSTALLED plugins/docker-commons.jpi : 1.8
INSTALLED plugins/jackson2-api.jpi : 2.7.3
INSTALLED plugins/ldap.jpi : 1.17
INSTALLED plugins/github-branch-source.jpi : 2.2.3
INSTALLED plugins/mailer.jpi : 1.20
INSTALLED plugins/workflow-scm-step.jpi : 2.6
INSTALLED plugins/credentials.jpi : 2.1.16
INSTALLED plugins/ssh-slaves.jpi : 1.21
INSTALLED plugins/token-macro.jpi : 2.3
INSTALLED plugins/windows-slaves.jpi : 1.3.1
INSTALLED plugins/workflow-cps.jpi : 2.40
INSTALLED plugins/structs.jpi : 1.10
INSTALLED plugins/antisamy-markup-formatter.jpi : 1.5
INSTALLED plugins/script-security.jpi : 1.34
INSTALLED plugins/git.jpi : 3.5.1
INSTALLED plugins/pipeline-milestone-step.jpi : 1.3.1
INSTALLED plugins/handlebars.jpi : 1.1.1
INSTALLED plugins/junit.jpi : 1.21
INSTALLED plugins/workflow-api.jpi : 2.22
INSTALLED plugins/workflow-aggregator.jpi : 2.5
INSTALLED plugins/jquery-detached.jpi : 1.2.1
INSTALLED plugins/timestamper.jpi : 1.8.8
INSTALLED plugins/workflow-cps-global-lib.jpi : 2.9
INSTALLED plugins/git-server.jpi : 1.7
INSTALLED plugins/github.jpi : 1.28.0
INSTALLED plugins/plain-credentials.jpi : 1.4
INSTALLED plugins/workflow-support.jpi : 2.15
INSTALLED plugins/pipeline-build-step.jpi : 2.5.1
INSTALLED plugins/durable-task.jpi : 1.14
INSTALLED plugins/momentjs.jpi : 1.1.1
INSTALLED plugins/ace-editor.jpi : 1.1
INSTALLED plugins/pipeline-model-definition.jpi : 1.2
INSTALLED plugins/mapdb-api.jpi : 1.0.9.0
INSTALLED plugins/pipeline-stage-step.jpi : 2.2
INSTALLED plugins/pipeline-stage-view.jpi : 2.9
INSTALLED plugins/pipeline-rest-api.jpi : 2.9
INSTALLED plugins/docker-workflow.jpi : 1.13
INSTALLED plugins/resource-disposer.jpi : 0.8
INSTALLED plugins/workflow-durable-task-step.jpi : 2.15
INSTALLED plugins/icon-shim.jpi : 2.0.3
INSTALLED plugins.txt
--- Copying files at Mon Oct  2 20:13:53 UTC 2017
--- Copying files at Mon Oct  2 20:15:25 UTC 2017
